<?xml version="1.0" encoding="UTF-8"?>
<testsuite name="ParserTest" tests="1" skipped="0" failures="0" errors="0" timestamp="2024-04-24T18:48:00" hostname="Matins-MacBook-Air.local" time="0.014">
  <properties/>
  <testcase name="testSortByArea()" classname="ParserTest" time="0.014"/>
  <system-out><![CDATA[]]></system-out>
  <system-err><![CDATA[]]></system-err>
</testsuite>
